d:\practica_c++\dragon\homework_02_dragons\build\win32\debug\intermediate\dragons\vc120.pdb
d:\practica_c++\dragon\homework_02_dragons\build\win32\debug\intermediate\dragons\vc120.idb
d:\practica_c++\dragon\homework_02_dragons\build\win32\debug\intermediate\dragons\dragons.obj
c:\users\mannc\downloads\data\facultate\practica_c++\dragon\homework_02_dragons\build\win32\debug\intermediate\dragons\vc141.pdb
c:\users\mannc\downloads\data\facultate\practica_c++\dragon\homework_02_dragons\build\win32\debug\intermediate\dragons\vc141.idb
c:\users\mannc\downloads\data\facultate\practica_c++\dragon\homework_02_dragons\build\win32\debug\intermediate\dragons\dragons.obj
d:\practica_c++\dragon\homework_02_dragons\build\win32\debug\dragons.lib
d:\practica_c++\dragon\homework_02_dragons\build\win32\debug\dragons.exp
c:\users\mannc\downloads\data\facultate\practica_c++\dragon\homework_02_dragons\build\win32\debug\dragons.lib
c:\users\mannc\downloads\data\facultate\practica_c++\dragon\homework_02_dragons\build\win32\debug\dragons.exp
d:\practica_c++\dragon\homework_02_dragons\build\win32\debug\dragons.ilk
d:\practica_c++\dragon\homework_02_dragons\build\win32\debug\dragons.dll
d:\practica_c++\dragon\homework_02_dragons\build\win32\debug\dragons.pdb
c:\users\mannc\downloads\data\facultate\practica_c++\dragon\homework_02_dragons\build\win32\debug\dragons.ilk
c:\users\mannc\downloads\data\facultate\practica_c++\dragon\homework_02_dragons\build\win32\debug\dragons.dll
c:\users\mannc\downloads\data\facultate\practica_c++\dragon\homework_02_dragons\build\win32\debug\dragons.pdb
c:\users\mannc\downloads\data\facultate\practica_c++\dragon\homework_02_dragons\build\win32\debug\intermediate\dragons\vc120.idb
c:\users\mannc\downloads\data\facultate\practica_c++\dragon\homework_02_dragons\build\win32\debug\intermediate\dragons\vc120.pdb
c:\users\mannc\downloads\data\facultate\practica_c++\dragon\homework_02_dragons\\build\win32\debug\dragons.pdb
c:\users\mannc\downloads\data\facultate\practica_c++\dragon\homework_02_dragons\\build\win32\debug\dragons.dll
c:\users\mannc\downloads\data\facultate\practica_c++\dragon\homework_02_dragons\\build\win32\debug\dragons.ilk
c:\users\mannc\downloads\data\facultate\practica_c++\dragon\homework_02_dragons\build\win32\debug\intermediate\dragons\dragons.tlog\cl.command.1.tlog
c:\users\mannc\downloads\data\facultate\practica_c++\dragon\homework_02_dragons\build\win32\debug\intermediate\dragons\dragons.tlog\cl.read.1.tlog
c:\users\mannc\downloads\data\facultate\practica_c++\dragon\homework_02_dragons\build\win32\debug\intermediate\dragons\dragons.tlog\cl.write.1.tlog
c:\users\mannc\downloads\data\facultate\practica_c++\dragon\homework_02_dragons\build\win32\debug\intermediate\dragons\dragons.tlog\dragons.write.1u.tlog
c:\users\mannc\downloads\data\facultate\practica_c++\dragon\homework_02_dragons\build\win32\debug\intermediate\dragons\dragons.tlog\link.command.1.tlog
c:\users\mannc\downloads\data\facultate\practica_c++\dragon\homework_02_dragons\build\win32\debug\intermediate\dragons\dragons.tlog\link.delete.1.tlog
c:\users\mannc\downloads\data\facultate\practica_c++\dragon\homework_02_dragons\build\win32\debug\intermediate\dragons\dragons.tlog\link.read.1.tlog
c:\users\mannc\downloads\data\facultate\practica_c++\dragon\homework_02_dragons\build\win32\debug\intermediate\dragons\dragons.tlog\link.write.1.tlog
